{"D:\\JEMEKA TOURS\\apps\\api\\src\\auth-router.ts": {"path":"D:\\JEMEKA TOURS\\apps\\api\\src\\auth-router.ts","statementMap":{"0":{"start":{"line":3,"column":13},"end":{"line":10,"column":null}},"1":{"start":{"line":5,"column":4},"end":{"line":7,"column":null}},"2":{"start":{"line":9,"column":33},"end":{"line":9,"column":46}}},"fnMap":{"0":{"name":"(anonymous_0)","decl":{"start":{"line":4,"column":26},"end":{"line":4,"column":33}},"loc":{"start":{"line":4,"column":45},"end":{"line":8,"column":3}},"line":4},"1":{"name":"(anonymous_1)","decl":{"start":{"line":9,"column":20},"end":{"line":9,"column":33}},"loc":{"start":{"line":9,"column":33},"end":{"line":9,"column":46}},"line":9}},"branchMap":{},"s":{"0":8,"1":1,"2":1},"f":{"0":1,"1":1},"b":{},"meta":{"lastBranch":0,"lastFunction":2,"lastStatement":3,"seen":{"s:3:13:10:Infinity":0,"f:4:26:4:33":0,"s:5:4:7:Infinity":1,"f:9:20:9:33":1,"s:9:33:9:46":2}}}
,"D:\\JEMEKA TOURS\\apps\\api\\src\\blog-router.ts": {"path":"D:\\JEMEKA TOURS\\apps\\api\\src\\blog-router.ts","statementMap":{"0":{"start":{"line":6,"column":13},"end":{"line":48,"column":null}},"1":{"start":{"line":15,"column":12},"end":{"line":15,"column":null}},"2":{"start":{"line":16,"column":25},"end":{"line":16,"column":null}},"3":{"start":{"line":18,"column":6},"end":{"line":20,"column":null}},"4":{"start":{"line":19,"column":8},"end":{"line":19,"column":null}},"5":{"start":{"line":22,"column":12},"end":{"line":22,"column":null}},"6":{"start":{"line":24,"column":6},"end":{"line":28,"column":null}},"7":{"start":{"line":34,"column":12},"end":{"line":34,"column":null}},"8":{"start":{"line":35,"column":6},"end":{"line":37,"column":null}},"9":{"start":{"line":41,"column":10},"end":{"line":41,"column":null}},"10":{"start":{"line":42,"column":4},"end":{"line":46,"column":null}}},"fnMap":{"0":{"name":"(anonymous_0)","decl":{"start":{"line":14,"column":11},"end":{"line":14,"column":18}},"loc":{"start":{"line":14,"column":32},"end":{"line":29,"column":5}},"line":14},"1":{"name":"(anonymous_1)","decl":{"start":{"line":33,"column":11},"end":{"line":33,"column":18}},"loc":{"start":{"line":33,"column":32},"end":{"line":38,"column":5}},"line":33},"2":{"name":"(anonymous_2)","decl":{"start":{"line":40,"column":30},"end":{"line":40,"column":42}},"loc":{"start":{"line":40,"column":42},"end":{"line":47,"column":3}},"line":40}},"branchMap":{"0":{"loc":{"start":{"line":18,"column":6},"end":{"line":20,"column":null}},"type":"if","locations":[{"start":{"line":18,"column":6},"end":{"line":20,"column":null}},{"start":{},"end":{}}],"line":18},"1":{"loc":{"start":{"line":27,"column":15},"end":{"line":27,"column":null}},"type":"binary-expr","locations":[{"start":{"line":27,"column":15},"end":{"line":27,"column":31}},{"start":{"line":27,"column":31},"end":{"line":27,"column":null}}],"line":27}},"s":{"0":8,"1":2,"2":2,"3":2,"4":1,"5":2,"6":2,"7":1,"8":1,"9":1,"10":1},"f":{"0":2,"1":1,"2":1},"b":{"0":[1,1],"1":[2,2]},"meta":{"lastBranch":2,"lastFunction":3,"lastStatement":11,"seen":{"s:6:13:48:Infinity":0,"f:14:11:14:18":0,"s:15:12:15:Infinity":1,"s:16:25:16:Infinity":2,"b:18:6:20:Infinity:undefined:undefined:undefined:undefined":0,"s:18:6:20:Infinity":3,"s:19:8:19:Infinity":4,"s:22:12:22:Infinity":5,"s:24:6:28:Infinity":6,"b:27:15:27:31:27:31:27:Infinity":1,"f:33:11:33:18":1,"s:34:12:34:Infinity":7,"s:35:6:37:Infinity":8,"f:40:30:40:42":2,"s:41:10:41:Infinity":9,"s:42:4:46:Infinity":10}}}
,"D:\\JEMEKA TOURS\\apps\\api\\src\\booking-router.ts": {"path":"D:\\JEMEKA TOURS\\apps\\api\\src\\booking-router.ts","statementMap":{"0":{"start":{"line":7,"column":17},"end":{"line":7,"column":null}},"1":{"start":{"line":8,"column":20},"end":{"line":8,"column":null}},"2":{"start":{"line":9,"column":17},"end":{"line":9,"column":null}},"3":{"start":{"line":10,"column":2},"end":{"line":10,"column":null}},"4":{"start":{"line":13,"column":13},"end":{"line":110,"column":null}},"5":{"start":{"line":29,"column":12},"end":{"line":29,"column":null}},"6":{"start":{"line":30,"column":31},"end":{"line":30,"column":null}},"7":{"start":{"line":32,"column":6},"end":{"line":46,"column":null}},"8":{"start":{"line":52,"column":12},"end":{"line":52,"column":null}},"9":{"start":{"line":53,"column":22},"end":{"line":53,"column":null}},"10":{"start":{"line":55,"column":6},"end":{"line":60,"column":null}},"11":{"start":{"line":72,"column":12},"end":{"line":72,"column":null}},"12":{"start":{"line":73,"column":20},"end":{"line":73,"column":null}},"13":{"start":{"line":74,"column":32},"end":{"line":74,"column":null}},"14":{"start":{"line":75,"column":6},"end":{"line":77,"column":null}},"15":{"start":{"line":76,"column":8},"end":{"line":76,"column":null}},"16":{"start":{"line":78,"column":20},"end":{"line":82,"column":null}},"17":{"start":{"line":84,"column":6},"end":{"line":87,"column":null}},"18":{"start":{"line":85,"column":21},"end":{"line":85,"column":null}},"19":{"start":{"line":86,"column":8},"end":{"line":86,"column":null}},"20":{"start":{"line":88,"column":6},"end":{"line":88,"column":null}},"21":{"start":{"line":100,"column":12},"end":{"line":100,"column":null}},"22":{"start":{"line":101,"column":27},"end":{"line":101,"column":null}},"23":{"start":{"line":102,"column":6},"end":{"line":104,"column":null}},"24":{"start":{"line":103,"column":8},"end":{"line":103,"column":null}},"25":{"start":{"line":105,"column":6},"end":{"line":108,"column":null}}},"fnMap":{"0":{"name":"generateBookingRef","decl":{"start":{"line":6,"column":16},"end":{"line":6,"column":37}},"loc":{"start":{"line":6,"column":37},"end":{"line":11,"column":null}},"line":6},"1":{"name":"(anonymous_1)","decl":{"start":{"line":28,"column":14},"end":{"line":28,"column":21}},"loc":{"start":{"line":28,"column":40},"end":{"line":47,"column":5}},"line":28},"2":{"name":"(anonymous_2)","decl":{"start":{"line":51,"column":11},"end":{"line":51,"column":18}},"loc":{"start":{"line":51,"column":37},"end":{"line":61,"column":5}},"line":51},"3":{"name":"(anonymous_3)","decl":{"start":{"line":71,"column":11},"end":{"line":71,"column":18}},"loc":{"start":{"line":71,"column":32},"end":{"line":89,"column":5}},"line":71},"4":{"name":"(anonymous_4)","decl":{"start":{"line":99,"column":14},"end":{"line":99,"column":21}},"loc":{"start":{"line":99,"column":35},"end":{"line":109,"column":5}},"line":99}},"branchMap":{"0":{"loc":{"start":{"line":58,"column":10},"end":{"line":58,"column":null}},"type":"cond-expr","locations":[{"start":{"line":58,"column":20},"end":{"line":58,"column":32}},{"start":{"line":58,"column":20},"end":{"line":58,"column":null}}],"line":58},"1":{"loc":{"start":{"line":73,"column":20},"end":{"line":73,"column":null}},"type":"binary-expr","locations":[{"start":{"line":73,"column":20},"end":{"line":73,"column":36}},{"start":{"line":73,"column":36},"end":{"line":73,"column":null}}],"line":73},"2":{"loc":{"start":{"line":75,"column":6},"end":{"line":77,"column":null}},"type":"if","locations":[{"start":{"line":75,"column":6},"end":{"line":77,"column":null}},{"start":{},"end":{}}],"line":75},"3":{"loc":{"start":{"line":79,"column":15},"end":{"line":79,"column":null}},"type":"cond-expr","locations":[{"start":{"line":79,"column":35},"end":{"line":79,"column":60}},{"start":{"line":79,"column":60},"end":{"line":79,"column":null}}],"line":79},"4":{"loc":{"start":{"line":84,"column":6},"end":{"line":87,"column":null}},"type":"if","locations":[{"start":{"line":84,"column":6},"end":{"line":87,"column":null}},{"start":{},"end":{}}],"line":84},"5":{"loc":{"start":{"line":102,"column":6},"end":{"line":104,"column":null}},"type":"if","locations":[{"start":{"line":102,"column":6},"end":{"line":104,"column":null}},{"start":{},"end":{}}],"line":102}},"s":{"0":6,"1":6,"2":6,"3":6,"4":9,"5":2,"6":2,"7":2,"8":1,"9":1,"10":1,"11":0,"12":0,"13":0,"14":0,"15":0,"16":0,"17":0,"18":0,"19":0,"20":0,"21":0,"22":0,"23":0,"24":0,"25":0},"f":{"0":6,"1":2,"2":1,"3":0,"4":0},"b":{"0":[0,1],"1":[0,0],"2":[0,0],"3":[0,0],"4":[0,0],"5":[0,0]},"meta":{"lastBranch":6,"lastFunction":5,"lastStatement":26,"seen":{"f:6:16:6:37":0,"s:7:17:7:Infinity":0,"s:8:20:8:Infinity":1,"s:9:17:9:Infinity":2,"s:10:2:10:Infinity":3,"s:13:13:110:Infinity":4,"f:28:14:28:21":1,"s:29:12:29:Infinity":5,"s:30:31:30:Infinity":6,"s:32:6:46:Infinity":7,"f:51:11:51:18":2,"s:52:12:52:Infinity":8,"s:53:22:53:Infinity":9,"s:55:6:60:Infinity":10,"b:58:20:58:32:58:20:58:Infinity":0,"f:71:11:71:18":3,"s:72:12:72:Infinity":11,"s:73:20:73:Infinity":12,"b:73:20:73:36:73:36:73:Infinity":1,"s:74:32:74:Infinity":13,"b:75:6:77:Infinity:undefined:undefined:undefined:undefined":2,"s:75:6:77:Infinity":14,"s:76:8:76:Infinity":15,"s:78:20:82:Infinity":16,"b:79:35:79:60:79:60:79:Infinity":3,"b:84:6:87:Infinity:undefined:undefined:undefined:undefined":4,"s:84:6:87:Infinity":17,"s:85:21:85:Infinity":18,"s:86:8:86:Infinity":19,"s:88:6:88:Infinity":20,"f:99:14:99:21":4,"s:100:12:100:Infinity":21,"s:101:27:101:Infinity":22,"b:102:6:104:Infinity:undefined:undefined:undefined:undefined":5,"s:102:6:104:Infinity":23,"s:103:8:103:Infinity":24,"s:105:6:108:Infinity":25}}}
,"D:\\JEMEKA TOURS\\apps\\api\\src\\context.ts": {"path":"D:\\JEMEKA TOURS\\apps\\api\\src\\context.ts","statementMap":{"0":{"start":{"line":13,"column":2},"end":{"line":16,"column":null}}},"fnMap":{"0":{"name":"createContext","decl":{"start":{"line":10,"column":22},"end":{"line":10,"column":null}},"loc":{"start":{"line":12,"column":24},"end":{"line":17,"column":null}},"line":12}},"branchMap":{},"s":{"0":11},"f":{"0":11},"b":{},"meta":{"lastBranch":0,"lastFunction":1,"lastStatement":1,"seen":{"f:10:22:10:Infinity":0,"s:13:2:16:Infinity":0}}}
,"D:\\JEMEKA TOURS\\apps\\api\\src\\destination-router.ts": {"path":"D:\\JEMEKA TOURS\\apps\\api\\src\\destination-router.ts","statementMap":{"0":{"start":{"line":6,"column":13},"end":{"line":76,"column":null}},"1":{"start":{"line":16,"column":12},"end":{"line":16,"column":null}},"2":{"start":{"line":17,"column":25},"end":{"line":17,"column":null}},"3":{"start":{"line":19,"column":6},"end":{"line":21,"column":null}},"4":{"start":{"line":20,"column":8},"end":{"line":20,"column":null}},"5":{"start":{"line":22,"column":6},"end":{"line":24,"column":null}},"6":{"start":{"line":23,"column":8},"end":{"line":23,"column":null}},"7":{"start":{"line":25,"column":6},"end":{"line":27,"column":null}},"8":{"start":{"line":26,"column":8},"end":{"line":26,"column":null}},"9":{"start":{"line":29,"column":20},"end":{"line":29,"column":null}},"10":{"start":{"line":31,"column":6},"end":{"line":34,"column":null}},"11":{"start":{"line":33,"column":44},"end":{"line":33,"column":null}},"12":{"start":{"line":40,"column":12},"end":{"line":40,"column":null}},"13":{"start":{"line":41,"column":21},"end":{"line":43,"column":null}},"14":{"start":{"line":45,"column":6},"end":{"line":47,"column":null}},"15":{"start":{"line":46,"column":8},"end":{"line":46,"column":null}},"16":{"start":{"line":50,"column":34},"end":{"line":55,"column":null}},"17":{"start":{"line":57,"column":6},"end":{"line":57,"column":null}},"18":{"start":{"line":63,"column":12},"end":{"line":63,"column":null}},"19":{"start":{"line":64,"column":6},"end":{"line":66,"column":null}},"20":{"start":{"line":70,"column":10},"end":{"line":70,"column":null}},"21":{"start":{"line":71,"column":4},"end":{"line":74,"column":null}},"22":{"start":{"line":73,"column":41},"end":{"line":73,"column":null}}},"fnMap":{"0":{"name":"(anonymous_0)","decl":{"start":{"line":15,"column":11},"end":{"line":15,"column":18}},"loc":{"start":{"line":15,"column":32},"end":{"line":35,"column":5}},"line":15},"1":{"name":"(anonymous_1)","decl":{"start":{"line":33,"column":8},"end":{"line":33,"column":18}},"loc":{"start":{"line":33,"column":44},"end":{"line":33,"column":null}},"line":33},"2":{"name":"(anonymous_2)","decl":{"start":{"line":39,"column":11},"end":{"line":39,"column":18}},"loc":{"start":{"line":39,"column":32},"end":{"line":58,"column":5}},"line":39},"3":{"name":"(anonymous_3)","decl":{"start":{"line":62,"column":11},"end":{"line":62,"column":18}},"loc":{"start":{"line":62,"column":32},"end":{"line":67,"column":5}},"line":62},"4":{"name":"(anonymous_4)","decl":{"start":{"line":69,"column":30},"end":{"line":69,"column":42}},"loc":{"start":{"line":69,"column":42},"end":{"line":75,"column":3}},"line":69},"5":{"name":"(anonymous_5)","decl":{"start":{"line":73,"column":6},"end":{"line":73,"column":16}},"loc":{"start":{"line":73,"column":41},"end":{"line":73,"column":null}},"line":73}},"branchMap":{"0":{"loc":{"start":{"line":19,"column":6},"end":{"line":21,"column":null}},"type":"if","locations":[{"start":{"line":19,"column":6},"end":{"line":21,"column":null}},{"start":{},"end":{}}],"line":19},"1":{"loc":{"start":{"line":22,"column":6},"end":{"line":24,"column":null}},"type":"if","locations":[{"start":{"line":22,"column":6},"end":{"line":24,"column":null}},{"start":{},"end":{}}],"line":22},"2":{"loc":{"start":{"line":25,"column":6},"end":{"line":27,"column":null}},"type":"if","locations":[{"start":{"line":25,"column":6},"end":{"line":27,"column":null}},{"start":{},"end":{}}],"line":25},"3":{"loc":{"start":{"line":29,"column":20},"end":{"line":29,"column":null}},"type":"cond-expr","locations":[{"start":{"line":29,"column":40},"end":{"line":29,"column":65}},{"start":{"line":29,"column":65},"end":{"line":29,"column":null}}],"line":29},"4":{"loc":{"start":{"line":45,"column":6},"end":{"line":47,"column":null}},"type":"if","locations":[{"start":{"line":45,"column":6},"end":{"line":47,"column":null}},{"start":{},"end":{}}],"line":45}},"s":{"0":8,"1":1,"2":1,"3":1,"4":0,"5":1,"6":0,"7":1,"8":0,"9":1,"10":1,"11":1,"12":1,"13":1,"14":1,"15":0,"16":1,"17":1,"18":0,"19":0,"20":1,"21":1,"22":1},"f":{"0":1,"1":1,"2":1,"3":0,"4":1,"5":1},"b":{"0":[0,1],"1":[0,1],"2":[0,1],"3":[0,1],"4":[0,1]},"meta":{"lastBranch":5,"lastFunction":6,"lastStatement":23,"seen":{"s:6:13:76:Infinity":0,"f:15:11:15:18":0,"s:16:12:16:Infinity":1,"s:17:25:17:Infinity":2,"b:19:6:21:Infinity:undefined:undefined:undefined:undefined":0,"s:19:6:21:Infinity":3,"s:20:8:20:Infinity":4,"b:22:6:24:Infinity:undefined:undefined:undefined:undefined":1,"s:22:6:24:Infinity":5,"s:23:8:23:Infinity":6,"b:25:6:27:Infinity:undefined:undefined:undefined:undefined":2,"s:25:6:27:Infinity":7,"s:26:8:26:Infinity":8,"s:29:20:29:Infinity":9,"b:29:40:29:65:29:65:29:Infinity":3,"s:31:6:34:Infinity":10,"f:33:8:33:18":1,"s:33:44:33:Infinity":11,"f:39:11:39:18":2,"s:40:12:40:Infinity":12,"s:41:21:43:Infinity":13,"b:45:6:47:Infinity:undefined:undefined:undefined:undefined":4,"s:45:6:47:Infinity":14,"s:46:8:46:Infinity":15,"s:50:34:55:Infinity":16,"s:57:6:57:Infinity":17,"f:62:11:62:18":3,"s:63:12:63:Infinity":18,"s:64:6:66:Infinity":19,"f:69:30:69:42":4,"s:70:10:70:Infinity":20,"s:71:4:74:Infinity":21,"f:73:6:73:16":5,"s:73:41:73:Infinity":22}}}
,"D:\\JEMEKA TOURS\\apps\\api\\src\\enquiry-router.ts": {"path":"D:\\JEMEKA TOURS\\apps\\api\\src\\enquiry-router.ts","statementMap":{"0":{"start":{"line":6,"column":13},"end":{"line":75,"column":null}},"1":{"start":{"line":19,"column":12},"end":{"line":19,"column":null}},"2":{"start":{"line":20,"column":6},"end":{"line":23,"column":null}},"3":{"start":{"line":35,"column":12},"end":{"line":35,"column":null}},"4":{"start":{"line":36,"column":20},"end":{"line":36,"column":null}},"5":{"start":{"line":37,"column":32},"end":{"line":37,"column":null}},"6":{"start":{"line":38,"column":6},"end":{"line":40,"column":null}},"7":{"start":{"line":39,"column":8},"end":{"line":39,"column":null}},"8":{"start":{"line":41,"column":20},"end":{"line":45,"column":null}},"9":{"start":{"line":47,"column":6},"end":{"line":50,"column":null}},"10":{"start":{"line":48,"column":21},"end":{"line":48,"column":null}},"11":{"start":{"line":49,"column":8},"end":{"line":49,"column":null}},"12":{"start":{"line":51,"column":6},"end":{"line":51,"column":null}},"13":{"start":{"line":62,"column":12},"end":{"line":62,"column":null}},"14":{"start":{"line":63,"column":6},"end":{"line":66,"column":null}},"15":{"start":{"line":72,"column":12},"end":{"line":72,"column":null}},"16":{"start":{"line":73,"column":6},"end":{"line":73,"column":null}}},"fnMap":{"0":{"name":"(anonymous_0)","decl":{"start":{"line":18,"column":14},"end":{"line":18,"column":21}},"loc":{"start":{"line":18,"column":35},"end":{"line":24,"column":5}},"line":18},"1":{"name":"(anonymous_1)","decl":{"start":{"line":34,"column":11},"end":{"line":34,"column":18}},"loc":{"start":{"line":34,"column":32},"end":{"line":52,"column":5}},"line":34},"2":{"name":"(anonymous_2)","decl":{"start":{"line":61,"column":14},"end":{"line":61,"column":21}},"loc":{"start":{"line":61,"column":35},"end":{"line":67,"column":5}},"line":61},"3":{"name":"(anonymous_3)","decl":{"start":{"line":71,"column":14},"end":{"line":71,"column":21}},"loc":{"start":{"line":71,"column":35},"end":{"line":74,"column":5}},"line":71}},"branchMap":{"0":{"loc":{"start":{"line":36,"column":20},"end":{"line":36,"column":null}},"type":"binary-expr","locations":[{"start":{"line":36,"column":20},"end":{"line":36,"column":36}},{"start":{"line":36,"column":36},"end":{"line":36,"column":null}}],"line":36},"1":{"loc":{"start":{"line":38,"column":6},"end":{"line":40,"column":null}},"type":"if","locations":[{"start":{"line":38,"column":6},"end":{"line":40,"column":null}},{"start":{},"end":{}}],"line":38},"2":{"loc":{"start":{"line":42,"column":15},"end":{"line":42,"column":null}},"type":"cond-expr","locations":[{"start":{"line":42,"column":35},"end":{"line":42,"column":60}},{"start":{"line":42,"column":60},"end":{"line":42,"column":null}}],"line":42},"3":{"loc":{"start":{"line":47,"column":6},"end":{"line":50,"column":null}},"type":"if","locations":[{"start":{"line":47,"column":6},"end":{"line":50,"column":null}},{"start":{},"end":{}}],"line":47}},"s":{"0":8,"1":1,"2":1,"3":1,"4":1,"5":1,"6":1,"7":0,"8":1,"9":1,"10":0,"11":0,"12":1,"13":1,"14":1,"15":1,"16":1},"f":{"0":1,"1":1,"2":1,"3":1},"b":{"0":[1,0],"1":[0,1],"2":[0,1],"3":[0,1]},"meta":{"lastBranch":4,"lastFunction":4,"lastStatement":17,"seen":{"s:6:13:75:Infinity":0,"f:18:14:18:21":0,"s:19:12:19:Infinity":1,"s:20:6:23:Infinity":2,"f:34:11:34:18":1,"s:35:12:35:Infinity":3,"s:36:20:36:Infinity":4,"b:36:20:36:36:36:36:36:Infinity":0,"s:37:32:37:Infinity":5,"b:38:6:40:Infinity:undefined:undefined:undefined:undefined":1,"s:38:6:40:Infinity":6,"s:39:8:39:Infinity":7,"s:41:20:45:Infinity":8,"b:42:35:42:60:42:60:42:Infinity":2,"b:47:6:50:Infinity:undefined:undefined:undefined:undefined":3,"s:47:6:50:Infinity":9,"s:48:21:48:Infinity":10,"s:49:8:49:Infinity":11,"s:51:6:51:Infinity":12,"f:61:14:61:21":2,"s:62:12:62:Infinity":13,"s:63:6:66:Infinity":14,"f:71:14:71:21":3,"s:72:12:72:Infinity":15,"s:73:6:73:Infinity":16}}}
,"D:\\JEMEKA TOURS\\apps\\api\\src\\middleware.ts": {"path":"D:\\JEMEKA TOURS\\apps\\api\\src\\middleware.ts","statementMap":{"0":{"start":{"line":11,"column":10},"end":{"line":24,"column":null}},"1":{"start":{"line":14,"column":4},"end":{"line":22,"column":null}},"2":{"start":{"line":26,"column":28},"end":{"line":26,"column":null}},"3":{"start":{"line":27,"column":27},"end":{"line":27,"column":null}},"4":{"start":{"line":31,"column":2},"end":{"line":46,"column":null}},"5":{"start":{"line":32,"column":10},"end":{"line":32,"column":null}},"6":{"start":{"line":33,"column":28},"end":{"line":40,"column":null}},"7":{"start":{"line":42,"column":4},"end":{"line":42,"column":null}},"8":{"start":{"line":44,"column":4},"end":{"line":44,"column":null}},"9":{"start":{"line":45,"column":4},"end":{"line":45,"column":null}},"10":{"start":{"line":50,"column":17},"end":{"line":75,"column":null}},"11":{"start":{"line":51,"column":23},"end":{"line":51,"column":null}},"12":{"start":{"line":52,"column":2},"end":{"line":54,"column":null}},"13":{"start":{"line":53,"column":4},"end":{"line":53,"column":null}},"14":{"start":{"line":56,"column":8},"end":{"line":56,"column":null}},"15":{"start":{"line":57,"column":23},"end":{"line":57,"column":null}},"16":{"start":{"line":59,"column":2},"end":{"line":61,"column":null}},"17":{"start":{"line":60,"column":4},"end":{"line":60,"column":null}},"18":{"start":{"line":63,"column":15},"end":{"line":63,"column":null}},"19":{"start":{"line":65,"column":2},"end":{"line":67,"column":null}},"20":{"start":{"line":66,"column":4},"end":{"line":66,"column":null}},"21":{"start":{"line":69,"column":2},"end":{"line":74,"column":null}},"22":{"start":{"line":77,"column":16},"end":{"line":84,"column":null}},"23":{"start":{"line":80,"column":2},"end":{"line":82,"column":null}},"24":{"start":{"line":81,"column":4},"end":{"line":81,"column":null}},"25":{"start":{"line":83,"column":2},"end":{"line":83,"column":null}},"26":{"start":{"line":86,"column":27},"end":{"line":86,"column":null}},"27":{"start":{"line":87,"column":26},"end":{"line":87,"column":null}}},"fnMap":{"0":{"name":"errorFormatter","decl":{"start":{"line":13,"column":2},"end":{"line":13,"column":17}},"loc":{"start":{"line":13,"column":35},"end":{"line":23,"column":null}},"line":13},"1":{"name":"verifySessionToken","decl":{"start":{"line":30,"column":15},"end":{"line":30,"column":34}},"loc":{"start":{"line":30,"column":49},"end":{"line":47,"column":null}},"line":30},"2":{"name":"(anonymous_2)","decl":{"start":{"line":50,"column":30},"end":{"line":50,"column":37}},"loc":{"start":{"line":50,"column":55},"end":{"line":75,"column":1}},"line":50},"3":{"name":"(anonymous_3)","decl":{"start":{"line":77,"column":29},"end":{"line":77,"column":36}},"loc":{"start":{"line":77,"column":54},"end":{"line":84,"column":1}},"line":77}},"branchMap":{"0":{"loc":{"start":{"line":19,"column":10},"end":{"line":19,"column":null}},"type":"cond-expr","locations":[{"start":{"line":19,"column":46},"end":{"line":19,"column":70}},{"start":{"line":19,"column":70},"end":{"line":19,"column":null}}],"line":19},"1":{"loc":{"start":{"line":42,"column":11},"end":{"line":42,"column":null}},"type":"binary-expr","locations":[{"start":{"line":42,"column":11},"end":{"line":42,"column":36}},{"start":{"line":42,"column":36},"end":{"line":42,"column":null}}],"line":42},"2":{"loc":{"start":{"line":52,"column":2},"end":{"line":54,"column":null}},"type":"if","locations":[{"start":{"line":52,"column":2},"end":{"line":54,"column":null}},{"start":{},"end":{}}],"line":52},"3":{"loc":{"start":{"line":57,"column":23},"end":{"line":57,"column":null}},"type":"binary-expr","locations":[{"start":{"line":57,"column":23},"end":{"line":57,"column":58}},{"start":{"line":57,"column":58},"end":{"line":57,"column":null}}],"line":57},"4":{"loc":{"start":{"line":59,"column":2},"end":{"line":61,"column":null}},"type":"if","locations":[{"start":{"line":59,"column":2},"end":{"line":61,"column":null}},{"start":{},"end":{}}],"line":59},"5":{"loc":{"start":{"line":65,"column":2},"end":{"line":67,"column":null}},"type":"if","locations":[{"start":{"line":65,"column":2},"end":{"line":67,"column":null}},{"start":{},"end":{}}],"line":65},"6":{"loc":{"start":{"line":80,"column":2},"end":{"line":82,"column":null}},"type":"if","locations":[{"start":{"line":80,"column":2},"end":{"line":82,"column":null}},{"start":{},"end":{}}],"line":80},"7":{"loc":{"start":{"line":80,"column":6},"end":{"line":80,"column":46}},"type":"binary-expr","locations":[{"start":{"line":80,"column":6},"end":{"line":80,"column":19}},{"start":{"line":80,"column":19},"end":{"line":80,"column":46}}],"line":80}},"s":{"0":9,"1":0,"2":9,"3":9,"4":10,"5":10,"6":10,"7":10,"8":0,"9":0,"10":9,"11":11,"12":11,"13":1,"14":10,"15":10,"16":11,"17":0,"18":10,"19":10,"20":0,"21":10,"22":9,"23":6,"24":0,"25":6,"26":9,"27":9},"f":{"0":0,"1":10,"2":11,"3":6},"b":{"0":[0,0],"1":[10,0],"2":[1,10],"3":[10,0],"4":[0,11],"5":[0,10],"6":[0,6],"7":[6,6]},"meta":{"lastBranch":8,"lastFunction":4,"lastStatement":28,"seen":{"s:11:10:24:Infinity":0,"f:13:2:13:17":0,"s:14:4:22:Infinity":1,"b:19:46:19:70:19:70:19:Infinity":0,"s:26:28:26:Infinity":2,"s:27:27:27:Infinity":3,"f:30:15:30:34":1,"s:31:2:46:Infinity":4,"s:32:10:32:Infinity":5,"s:33:28:40:Infinity":6,"s:42:4:42:Infinity":7,"b:42:11:42:36:42:36:42:Infinity":1,"s:44:4:44:Infinity":8,"s:45:4:45:Infinity":9,"s:50:17:75:Infinity":10,"f:50:30:50:37":2,"s:51:23:51:Infinity":11,"b:52:2:54:Infinity:undefined:undefined:undefined:undefined":2,"s:52:2:54:Infinity":12,"s:53:4:53:Infinity":13,"s:56:8:56:Infinity":14,"s:57:23:57:Infinity":15,"b:57:23:57:58:57:58:57:Infinity":3,"b:59:2:61:Infinity:undefined:undefined:undefined:undefined":4,"s:59:2:61:Infinity":16,"s:60:4:60:Infinity":17,"s:63:15:63:Infinity":18,"b:65:2:67:Infinity:undefined:undefined:undefined:undefined":5,"s:65:2:67:Infinity":19,"s:66:4:66:Infinity":20,"s:69:2:74:Infinity":21,"s:77:16:84:Infinity":22,"f:77:29:77:36":3,"b:80:2:82:Infinity:undefined:undefined:undefined:undefined":6,"s:80:2:82:Infinity":23,"b:80:6:80:19:80:19:80:46":7,"s:81:4:81:Infinity":24,"s:83:2:83:Infinity":25,"s:86:27:86:Infinity":26,"s:87:26:87:Infinity":27}}}
,"D:\\JEMEKA TOURS\\apps\\api\\src\\package-router.ts": {"path":"D:\\JEMEKA TOURS\\apps\\api\\src\\package-router.ts","statementMap":{"0":{"start":{"line":6,"column":13},"end":{"line":90,"column":null}},"1":{"start":{"line":20,"column":12},"end":{"line":20,"column":null}},"2":{"start":{"line":21,"column":25},"end":{"line":21,"column":null}},"3":{"start":{"line":23,"column":6},"end":{"line":25,"column":null}},"4":{"start":{"line":24,"column":8},"end":{"line":24,"column":null}},"5":{"start":{"line":26,"column":6},"end":{"line":28,"column":null}},"6":{"start":{"line":27,"column":8},"end":{"line":27,"column":null}},"7":{"start":{"line":29,"column":6},"end":{"line":31,"column":null}},"8":{"start":{"line":30,"column":8},"end":{"line":30,"column":null}},"9":{"start":{"line":32,"column":6},"end":{"line":34,"column":null}},"10":{"start":{"line":33,"column":8},"end":{"line":33,"column":null}},"11":{"start":{"line":35,"column":6},"end":{"line":37,"column":null}},"12":{"start":{"line":36,"column":8},"end":{"line":36,"column":null}},"13":{"start":{"line":38,"column":6},"end":{"line":40,"column":null}},"14":{"start":{"line":39,"column":8},"end":{"line":39,"column":null}},"15":{"start":{"line":42,"column":20},"end":{"line":42,"column":null}},"16":{"start":{"line":44,"column":6},"end":{"line":47,"column":null}},"17":{"start":{"line":46,"column":44},"end":{"line":46,"column":null}},"18":{"start":{"line":53,"column":12},"end":{"line":53,"column":null}},"19":{"start":{"line":54,"column":18},"end":{"line":56,"column":null}},"20":{"start":{"line":58,"column":6},"end":{"line":60,"column":null}},"21":{"start":{"line":59,"column":8},"end":{"line":59,"column":null}},"22":{"start":{"line":62,"column":26},"end":{"line":64,"column":null}},"23":{"start":{"line":66,"column":6},"end":{"line":66,"column":null}},"24":{"start":{"line":70,"column":10},"end":{"line":70,"column":null}},"25":{"start":{"line":71,"column":4},"end":{"line":75,"column":null}},"26":{"start":{"line":73,"column":42},"end":{"line":73,"column":null}},"27":{"start":{"line":79,"column":4},"end":{"line":88,"column":null}}},"fnMap":{"0":{"name":"(anonymous_0)","decl":{"start":{"line":19,"column":11},"end":{"line":19,"column":18}},"loc":{"start":{"line":19,"column":32},"end":{"line":48,"column":5}},"line":19},"1":{"name":"(anonymous_1)","decl":{"start":{"line":46,"column":8},"end":{"line":46,"column":18}},"loc":{"start":{"line":46,"column":44},"end":{"line":46,"column":null}},"line":46},"2":{"name":"(anonymous_2)","decl":{"start":{"line":52,"column":11},"end":{"line":52,"column":18}},"loc":{"start":{"line":52,"column":32},"end":{"line":67,"column":5}},"line":52},"3":{"name":"(anonymous_3)","decl":{"start":{"line":69,"column":30},"end":{"line":69,"column":42}},"loc":{"start":{"line":69,"column":42},"end":{"line":76,"column":3}},"line":69},"4":{"name":"(anonymous_4)","decl":{"start":{"line":73,"column":6},"end":{"line":73,"column":16}},"loc":{"start":{"line":73,"column":42},"end":{"line":73,"column":null}},"line":73},"5":{"name":"(anonymous_5)","decl":{"start":{"line":78,"column":32},"end":{"line":78,"column":44}},"loc":{"start":{"line":78,"column":44},"end":{"line":89,"column":3}},"line":78}},"branchMap":{"0":{"loc":{"start":{"line":23,"column":6},"end":{"line":25,"column":null}},"type":"if","locations":[{"start":{"line":23,"column":6},"end":{"line":25,"column":null}},{"start":{},"end":{}}],"line":23},"1":{"loc":{"start":{"line":26,"column":6},"end":{"line":28,"column":null}},"type":"if","locations":[{"start":{"line":26,"column":6},"end":{"line":28,"column":null}},{"start":{},"end":{}}],"line":26},"2":{"loc":{"start":{"line":29,"column":6},"end":{"line":31,"column":null}},"type":"if","locations":[{"start":{"line":29,"column":6},"end":{"line":31,"column":null}},{"start":{},"end":{}}],"line":29},"3":{"loc":{"start":{"line":32,"column":6},"end":{"line":34,"column":null}},"type":"if","locations":[{"start":{"line":32,"column":6},"end":{"line":34,"column":null}},{"start":{},"end":{}}],"line":32},"4":{"loc":{"start":{"line":35,"column":6},"end":{"line":37,"column":null}},"type":"if","locations":[{"start":{"line":35,"column":6},"end":{"line":37,"column":null}},{"start":{},"end":{}}],"line":35},"5":{"loc":{"start":{"line":38,"column":6},"end":{"line":40,"column":null}},"type":"if","locations":[{"start":{"line":38,"column":6},"end":{"line":40,"column":null}},{"start":{},"end":{}}],"line":38},"6":{"loc":{"start":{"line":42,"column":20},"end":{"line":42,"column":null}},"type":"cond-expr","locations":[{"start":{"line":42,"column":40},"end":{"line":42,"column":65}},{"start":{"line":42,"column":65},"end":{"line":42,"column":null}}],"line":42},"7":{"loc":{"start":{"line":58,"column":6},"end":{"line":60,"column":null}},"type":"if","locations":[{"start":{"line":58,"column":6},"end":{"line":60,"column":null}},{"start":{},"end":{}}],"line":58}},"s":{"0":8,"1":2,"2":2,"3":2,"4":1,"5":2,"6":0,"7":2,"8":0,"9":2,"10":0,"11":2,"12":0,"13":2,"14":0,"15":2,"16":2,"17":2,"18":1,"19":1,"20":1,"21":0,"22":1,"23":1,"24":1,"25":1,"26":1,"27":1},"f":{"0":2,"1":2,"2":1,"3":1,"4":1,"5":1},"b":{"0":[1,1],"1":[0,2],"2":[0,2],"3":[0,2],"4":[0,2],"5":[0,2],"6":[1,1],"7":[0,1]},"meta":{"lastBranch":8,"lastFunction":6,"lastStatement":28,"seen":{"s:6:13:90:Infinity":0,"f:19:11:19:18":0,"s:20:12:20:Infinity":1,"s:21:25:21:Infinity":2,"b:23:6:25:Infinity:undefined:undefined:undefined:undefined":0,"s:23:6:25:Infinity":3,"s:24:8:24:Infinity":4,"b:26:6:28:Infinity:undefined:undefined:undefined:undefined":1,"s:26:6:28:Infinity":5,"s:27:8:27:Infinity":6,"b:29:6:31:Infinity:undefined:undefined:undefined:undefined":2,"s:29:6:31:Infinity":7,"s:30:8:30:Infinity":8,"b:32:6:34:Infinity:undefined:undefined:undefined:undefined":3,"s:32:6:34:Infinity":9,"s:33:8:33:Infinity":10,"b:35:6:37:Infinity:undefined:undefined:undefined:undefined":4,"s:35:6:37:Infinity":11,"s:36:8:36:Infinity":12,"b:38:6:40:Infinity:undefined:undefined:undefined:undefined":5,"s:38:6:40:Infinity":13,"s:39:8:39:Infinity":14,"s:42:20:42:Infinity":15,"b:42:40:42:65:42:65:42:Infinity":6,"s:44:6:47:Infinity":16,"f:46:8:46:18":1,"s:46:44:46:Infinity":17,"f:52:11:52:18":2,"s:53:12:53:Infinity":18,"s:54:18:56:Infinity":19,"b:58:6:60:Infinity:undefined:undefined:undefined:undefined":7,"s:58:6:60:Infinity":20,"s:59:8:59:Infinity":21,"s:62:26:64:Infinity":22,"s:66:6:66:Infinity":23,"f:69:30:69:42":3,"s:70:10:70:Infinity":24,"s:71:4:75:Infinity":25,"f:73:6:73:16":4,"s:73:42:73:Infinity":26,"f:78:32:78:44":5,"s:79:4:88:Infinity":27}}}
,"D:\\JEMEKA TOURS\\apps\\api\\src\\router.ts": {"path":"D:\\JEMEKA TOURS\\apps\\api\\src\\router.ts","statementMap":{"0":{"start":{"line":11,"column":13},"end":{"line":21,"column":null}},"1":{"start":{"line":12,"column":33},"end":{"line":12,"column":62}}},"fnMap":{"0":{"name":"(anonymous_0)","decl":{"start":{"line":12,"column":20},"end":{"line":12,"column":33}},"loc":{"start":{"line":12,"column":33},"end":{"line":12,"column":62}},"line":12}},"branchMap":{},"s":{"0":8,"1":0},"f":{"0":0},"b":{},"meta":{"lastBranch":0,"lastFunction":1,"lastStatement":2,"seen":{"s:11:13:21:Infinity":0,"f:12:20:12:33":0,"s:12:33:12:62":1}}}
,"D:\\JEMEKA TOURS\\apps\\api\\src\\search-router.ts": {"path":"D:\\JEMEKA TOURS\\apps\\api\\src\\search-router.ts","statementMap":{"0":{"start":{"line":6,"column":13},"end":{"line":37,"column":null}},"1":{"start":{"line":10,"column":12},"end":{"line":10,"column":null}},"2":{"start":{"line":12,"column":19},"end":{"line":12,"column":null}},"3":{"start":{"line":14,"column":19},"end":{"line":21,"column":null}},"4":{"start":{"line":23,"column":20},"end":{"line":30,"column":null}},"5":{"start":{"line":32,"column":6},"end":{"line":35,"column":null}}},"fnMap":{"0":{"name":"(anonymous_0)","decl":{"start":{"line":9,"column":11},"end":{"line":9,"column":18}},"loc":{"start":{"line":9,"column":32},"end":{"line":36,"column":5}},"line":9}},"branchMap":{},"s":{"0":8,"1":2,"2":2,"3":2,"4":2,"5":2},"f":{"0":2},"b":{},"meta":{"lastBranch":0,"lastFunction":1,"lastStatement":6,"seen":{"s:6:13:37:Infinity":0,"f:9:11:9:18":0,"s:10:12:10:Infinity":1,"s:12:19:12:Infinity":2,"s:14:19:21:Infinity":3,"s:23:20:30:Infinity":4,"s:32:6:35:Infinity":5}}}
,"D:\\JEMEKA TOURS\\apps\\api\\src\\test-utils.ts": {"path":"D:\\JEMEKA TOURS\\apps\\api\\src\\test-utils.ts","statementMap":{"0":{"start":{"line":12,"column":17},"end":{"line":12,"column":null}},"1":{"start":{"line":13,"column":20},"end":{"line":13,"column":null}},"2":{"start":{"line":15,"column":8},"end":{"line":15,"column":null}},"3":{"start":{"line":18,"column":25},"end":{"line":18,"column":null}},"4":{"start":{"line":19,"column":2},"end":{"line":21,"column":null}},"5":{"start":{"line":23,"column":2},"end":{"line":23,"column":null}},"6":{"start":{"line":27,"column":14},"end":{"line":27,"column":null}},"7":{"start":{"line":29,"column":2},"end":{"line":38,"column":null}},"8":{"start":{"line":30,"column":10},"end":{"line":30,"column":null}},"9":{"start":{"line":31,"column":18},"end":{"line":31,"column":null}},"10":{"start":{"line":32,"column":4},"end":{"line":36,"column":null}},"11":{"start":{"line":37,"column":4},"end":{"line":37,"column":null}},"12":{"start":{"line":40,"column":18},"end":{"line":44,"column":null}},"13":{"start":{"line":45,"column":2},"end":{"line":45,"column":null}},"14":{"start":{"line":49,"column":14},"end":{"line":49,"column":null}},"15":{"start":{"line":50,"column":2},"end":{"line":50,"column":null}},"16":{"start":{"line":54,"column":14},"end":{"line":54,"column":null}},"17":{"start":{"line":55,"column":2},"end":{"line":55,"column":null}}},"fnMap":{"0":{"name":"setupTestDb","decl":{"start":{"line":11,"column":22},"end":{"line":11,"column":36}},"loc":{"start":{"line":11,"column":36},"end":{"line":24,"column":null}},"line":11},"1":{"name":"createTestContext","decl":{"start":{"line":26,"column":22},"end":{"line":26,"column":40}},"loc":{"start":{"line":26,"column":75},"end":{"line":46,"column":null}},"line":26},"2":{"name":"createAuthenticatedTestCaller","decl":{"start":{"line":48,"column":22},"end":{"line":48,"column":52}},"loc":{"start":{"line":48,"column":64},"end":{"line":51,"column":null}},"line":48},"3":{"name":"createTestCaller","decl":{"start":{"line":53,"column":22},"end":{"line":53,"column":41}},"loc":{"start":{"line":53,"column":41},"end":{"line":56,"column":null}},"line":53}},"branchMap":{"0":{"loc":{"start":{"line":29,"column":2},"end":{"line":38,"column":null}},"type":"if","locations":[{"start":{"line":29,"column":2},"end":{"line":38,"column":null}},{"start":{},"end":{}}],"line":29}},"s":{"0":8,"1":8,"2":8,"3":8,"4":8,"5":8,"6":11,"7":11,"8":4,"9":4,"10":4,"11":4,"12":11,"13":11,"14":4,"15":4,"16":7,"17":7},"f":{"0":8,"1":11,"2":4,"3":7},"b":{"0":[4,7]},"meta":{"lastBranch":1,"lastFunction":4,"lastStatement":18,"seen":{"f:11:22:11:36":0,"s:12:17:12:Infinity":0,"s:13:20:13:Infinity":1,"s:15:8:15:Infinity":2,"s:18:25:18:Infinity":3,"s:19:2:21:Infinity":4,"s:23:2:23:Infinity":5,"f:26:22:26:40":1,"s:27:14:27:Infinity":6,"b:29:2:38:Infinity:undefined:undefined:undefined:undefined":0,"s:29:2:38:Infinity":7,"s:30:10:30:Infinity":8,"s:31:18:31:Infinity":9,"s:32:4:36:Infinity":10,"s:37:4:37:Infinity":11,"s:40:18:44:Infinity":12,"s:45:2:45:Infinity":13,"f:48:22:48:52":2,"s:49:14:49:Infinity":14,"s:50:2:50:Infinity":15,"f:53:22:53:41":3,"s:54:14:54:Infinity":16,"s:55:2:55:Infinity":17}}}
,"D:\\JEMEKA TOURS\\apps\\api\\src\\testimonial-router.ts": {"path":"D:\\JEMEKA TOURS\\apps\\api\\src\\testimonial-router.ts","statementMap":{"0":{"start":{"line":6,"column":13},"end":{"line":104,"column":null}},"1":{"start":{"line":16,"column":12},"end":{"line":16,"column":null}},"2":{"start":{"line":17,"column":20},"end":{"line":17,"column":null}},"3":{"start":{"line":18,"column":25},"end":{"line":18,"column":null}},"4":{"start":{"line":20,"column":6},"end":{"line":22,"column":null}},"5":{"start":{"line":21,"column":8},"end":{"line":21,"column":null}},"6":{"start":{"line":23,"column":6},"end":{"line":25,"column":null}},"7":{"start":{"line":24,"column":8},"end":{"line":24,"column":null}},"8":{"start":{"line":27,"column":12},"end":{"line":27,"column":null}},"9":{"start":{"line":29,"column":20},"end":{"line":33,"column":null}},"10":{"start":{"line":36,"column":6},"end":{"line":39,"column":null}},"11":{"start":{"line":37,"column":21},"end":{"line":37,"column":null}},"12":{"start":{"line":38,"column":8},"end":{"line":38,"column":null}},"13":{"start":{"line":41,"column":6},"end":{"line":41,"column":null}},"14":{"start":{"line":57,"column":12},"end":{"line":57,"column":null}},"15":{"start":{"line":58,"column":6},"end":{"line":67,"column":null}},"16":{"start":{"line":72,"column":10},"end":{"line":72,"column":null}},"17":{"start":{"line":73,"column":4},"end":{"line":75,"column":null}},"18":{"start":{"line":87,"column":12},"end":{"line":87,"column":null}},"19":{"start":{"line":88,"column":27},"end":{"line":88,"column":null}},"20":{"start":{"line":89,"column":6},"end":{"line":89,"column":null}},"21":{"start":{"line":89,"column":42},"end":{"line":89,"column":null}},"22":{"start":{"line":90,"column":6},"end":{"line":90,"column":null}},"23":{"start":{"line":90,"column":40},"end":{"line":90,"column":null}},"24":{"start":{"line":92,"column":6},"end":{"line":95,"column":null}},"25":{"start":{"line":101,"column":12},"end":{"line":101,"column":null}},"26":{"start":{"line":102,"column":6},"end":{"line":102,"column":null}}},"fnMap":{"0":{"name":"(anonymous_0)","decl":{"start":{"line":15,"column":11},"end":{"line":15,"column":18}},"loc":{"start":{"line":15,"column":32},"end":{"line":42,"column":5}},"line":15},"1":{"name":"(anonymous_1)","decl":{"start":{"line":56,"column":14},"end":{"line":56,"column":21}},"loc":{"start":{"line":56,"column":35},"end":{"line":68,"column":5}},"line":56},"2":{"name":"(anonymous_2)","decl":{"start":{"line":71,"column":24},"end":{"line":71,"column":36}},"loc":{"start":{"line":71,"column":36},"end":{"line":76,"column":3}},"line":71},"3":{"name":"(anonymous_3)","decl":{"start":{"line":86,"column":14},"end":{"line":86,"column":21}},"loc":{"start":{"line":86,"column":35},"end":{"line":96,"column":5}},"line":86},"4":{"name":"(anonymous_4)","decl":{"start":{"line":100,"column":14},"end":{"line":100,"column":21}},"loc":{"start":{"line":100,"column":35},"end":{"line":103,"column":5}},"line":100}},"branchMap":{"0":{"loc":{"start":{"line":17,"column":20},"end":{"line":17,"column":null}},"type":"binary-expr","locations":[{"start":{"line":17,"column":20},"end":{"line":17,"column":36}},{"start":{"line":17,"column":36},"end":{"line":17,"column":null}}],"line":17},"1":{"loc":{"start":{"line":20,"column":6},"end":{"line":22,"column":null}},"type":"if","locations":[{"start":{"line":20,"column":6},"end":{"line":22,"column":null}},{"start":{},"end":{}}],"line":20},"2":{"loc":{"start":{"line":23,"column":6},"end":{"line":25,"column":null}},"type":"if","locations":[{"start":{"line":23,"column":6},"end":{"line":25,"column":null}},{"start":{},"end":{}}],"line":23},"3":{"loc":{"start":{"line":36,"column":6},"end":{"line":39,"column":null}},"type":"if","locations":[{"start":{"line":36,"column":6},"end":{"line":39,"column":null}},{"start":{},"end":{}}],"line":36},"4":{"loc":{"start":{"line":89,"column":6},"end":{"line":89,"column":null}},"type":"if","locations":[{"start":{"line":89,"column":6},"end":{"line":89,"column":null}},{"start":{},"end":{}}],"line":89},"5":{"loc":{"start":{"line":90,"column":6},"end":{"line":90,"column":null}},"type":"if","locations":[{"start":{"line":90,"column":6},"end":{"line":90,"column":null}},{"start":{},"end":{}}],"line":90}},"s":{"0":8,"1":1,"2":1,"3":1,"4":1,"5":1,"6":1,"7":0,"8":1,"9":1,"10":1,"11":0,"12":0,"13":1,"14":1,"15":1,"16":1,"17":1,"18":1,"19":1,"20":1,"21":1,"22":1,"23":0,"24":1,"25":1,"26":1},"f":{"0":1,"1":1,"2":1,"3":1,"4":1},"b":{"0":[1,0],"1":[1,0],"2":[0,1],"3":[0,1],"4":[1,0],"5":[0,1]},"meta":{"lastBranch":6,"lastFunction":5,"lastStatement":27,"seen":{"s:6:13:104:Infinity":0,"f:15:11:15:18":0,"s:16:12:16:Infinity":1,"s:17:20:17:Infinity":2,"b:17:20:17:36:17:36:17:Infinity":0,"s:18:25:18:Infinity":3,"b:20:6:22:Infinity:undefined:undefined:undefined:undefined":1,"s:20:6:22:Infinity":4,"s:21:8:21:Infinity":5,"b:23:6:25:Infinity:undefined:undefined:undefined:undefined":2,"s:23:6:25:Infinity":6,"s:24:8:24:Infinity":7,"s:27:12:27:Infinity":8,"s:29:20:33:Infinity":9,"b:36:6:39:Infinity:undefined:undefined:undefined:undefined":3,"s:36:6:39:Infinity":10,"s:37:21:37:Infinity":11,"s:38:8:38:Infinity":12,"s:41:6:41:Infinity":13,"f:56:14:56:21":1,"s:57:12:57:Infinity":14,"s:58:6:67:Infinity":15,"f:71:24:71:36":2,"s:72:10:72:Infinity":16,"s:73:4:75:Infinity":17,"f:86:14:86:21":3,"s:87:12:87:Infinity":18,"s:88:27:88:Infinity":19,"b:89:6:89:Infinity:undefined:undefined:undefined:undefined":4,"s:89:6:89:Infinity":20,"s:89:42:89:Infinity":21,"b:90:6:90:Infinity:undefined:undefined:undefined:undefined":5,"s:90:6:90:Infinity":22,"s:90:40:90:Infinity":23,"s:92:6:95:Infinity":24,"f:100:14:100:21":4,"s:101:12:101:Infinity":25,"s:102:6:102:Infinity":26}}}
}
